<?xml version="1.0" encoding="UTF-8"?>
<testng-results skipped="0" failed="0" ignored="0" total="1" passed="1">
  <reporter-output>
  </reporter-output>
  <suite name="Default suite" duration-ms="84168" started-at="2022-11-25T18:11:03 IST" finished-at="2022-11-25T18:12:27 IST">
    <groups>
    </groups>
    <test name="Default test" duration-ms="84168" started-at="2022-11-25T18:11:03 IST" finished-at="2022-11-25T18:12:27 IST">
      <class name="com.wellness.qa.base.TestBase1">
        <test-method status="PASS" signature="initialization1()[pri:0, instance:com.wellness.qa.base.TestBase1@c81cdd1]" name="initialization1" duration-ms="84086" started-at="2022-11-25T18:11:03 IST" finished-at="2022-11-25T18:12:27 IST">
          <reporter-output>
          </reporter-output>
        </test-method> <!-- initialization1 -->
      </class> <!-- com.wellness.qa.base.TestBase1 -->
    </test> <!-- Default test -->
  </suite> <!-- Default suite -->
</testng-results>
